2025-04-10 04:06:30 - Processando imagem para item: absinthe
Método de remoção de fundo: 1
Processador de imagem: GD
Dimensões originais: 740x740
Novas dimensões: 96x96
Aplicando remoção de fundo com método 1
2025-04-10 04:07:43 - Processando imagem para item: Agarita
Método de remoção de fundo: 1
Processador de imagem: GD
Dimensões originais: 96x96
Novas dimensões: 96x96
Aplicando remoção de fundo com método 1
2025-04-10 04:08:14 - Processando imagem para item: absinthe
Método de remoção de fundo: 1
Processador de imagem: GD
Dimensões originais: 740x740
Novas dimensões: 96x96
Aplicando remoção de fundo com método 1
2025-04-10 04:08:33 - Processando imagem para item: absinthe
Método de remoção de fundo: 1
Processador de imagem: GD
Dimensões originais: 740x740
Novas dimensões: 96x96
Aplicando remoção de fundo com método 1
2025-04-10 04:09:22 - Processando imagem para item: absinthe
Método de remoção de fundo: 1
Processador de imagem: GD
Dimensões originais: 740x740
Novas dimensões: 96x96
Aplicando remoção de fundo com método 1
2025-04-10 04:09:39 - Processando imagem para item: absinthe
Método de remoção de fundo: 1
Processador de imagem: GD
Dimensões originais: 740x740
Novas dimensões: 96x96
Aplicando remoção de fundo com método 1
2025-04-10 04:10:28 - Processando imagem para item: absinthe
Método de remoção de fundo: 1
Processador de imagem: GD
Dimensões originais: 740x740
Novas dimensões: 96x96
Aplicando remoção de fundo com método 1
2025-04-10 04:11:00 - Processando imagem para item: absinthe
Método de remoção de fundo: 2
Processador de imagem: GD
Dimensões originais: 96x96
Novas dimensões: 96x96
Aplicando remoção de fundo com método 2
ERRO: O arquivo enviado não é uma imagem válida
2025-04-10 04:15:23 - Processando imagem para item: bagofcoal
Método de remoção de fundo: 3
Processador de imagem: GD
Dimensões originais: 5760x3840
Novas dimensões: 96x64
Aplicando remoção de fundo com método 3
2025-04-10 04:19:15 - Processando imagem para item: bandage_dirty
Método de remoção de fundo: 3
Processador de imagem: GD
Dimensões originais: 275x183
Novas dimensões: 96x63.883636363636
Aplicando remoção de fundo com método 3
2025-04-10 05:20:14 - Processando imagem para item: arm5
Método de remoção de fundo: 1
Processador de imagem: GD
Dimensões originais: 96x96
Novas dimensões: 96x96
Aplicando remoção de fundo com método 1
2025-04-10 05:29:32 - Processando imagem para item: absinthe
Método de remoção de fundo: 1
Processador de imagem: GD
Dimensões originais: 96x96
Novas dimensões: 96x96
Aplicando remoção de fundo com método 1
2025-04-10 05:29:56 - Processando imagem para item: arm6
Método de remoção de fundo: 1
Processador de imagem: GD
Dimensões originais: 96x96
Novas dimensões: 96x96
Aplicando remoção de fundo com método 1
2025-04-10 05:47:02 - Processando imagem para item: absinthe
Método de remoção de fundo: 1
Processador de imagem: GD
Dimensões originais: 96x96
Novas dimensões: 96x96
Aplicando remoção de fundo com método 1
2025-04-10 05:48:05 - Processando imagem para item: absinthe
Método de remoção de fundo: 1
Processador de imagem: GD
Dimensões originais: 96x96
Novas dimensões: 96x96
Aplicando remoção de fundo com método 1
2025-04-11 04:53:21 - Processando imagem para item: absinthe
Método de remoção de fundo: 1
Processador de imagem: GD
Dimensões originais: 740x740
Novas dimensões: 96x96
Aplicando remoção de fundo com método 1
